Using pre-set license
Built from '2020.2/china_unity/release' branch; Version is '2020.2.4f1c1 (8a7ef5f95ffc) revision 9076469'; Using compiler version '192528614'; Build Type 'Release'
OS: 'Windows 10 Pro; OS build 19042.804; Version 2009; 64bit' Language: 'en' Physical Memory: 8108 MB
BatchMode: 1, IsHumanControllingUs: 0, StartBugReporterOnCrash: 0, Is64bit: 1, IsPro: 0

 COMMAND LINE ARGUMENTS:
C:\Program Files\Unity\Hub\Editor\2020.2.4f1c1\Editor\Unity.exe
-adb2
-batchMode
-noUpm
-name
AssetImportWorker1
-projectPath
C:/Users/dengy/OneDrive/other onedrive things/Documents/GitHub/MT-Clone-/MyCraft (a Minecraft-like game)
-logFile
Logs/AssetImportWorker1.log
-srvPort
63800
Successfully changed project path to: C:/Users/dengy/OneDrive/other onedrive things/Documents/GitHub/MT-Clone-/MyCraft (a Minecraft-like game)
C:/Users/dengy/OneDrive/other onedrive things/Documents/GitHub/MT-Clone-/MyCraft (a Minecraft-like game)
Using Asset Import Pipeline V2.
Refreshing native plugins compatible for Editor in 60.36 ms, found 0 plugins.
Preloading 0 native plugins for Editor in 0.00 ms.
Initialize engine version: 2020.2.4f1c1 (8a7ef5f95ffc)
[Subsystems] Discovering subsystems at path C:/Program Files/Unity/Hub/Editor/2020.2.4f1c1/Editor/Data/Resources/UnitySubsystems
[Subsystems] Discovering subsystems at path C:/Users/dengy/OneDrive/other onedrive things/Documents/GitHub/MT-Clone-/MyCraft (a Minecraft-like game)/Assets
GfxDevice: creating device client; threaded=0
Direct3D:
    Version:  Direct3D 11.0 [level 11.1]
    Renderer: Intel(R) UHD Graphics 620 (ID=0x5917)
    Vendor:   
    VRAM:     4054 MB
    Driver:   26.20.100.7637
Initialize mono
Mono path[0] = 'C:/Program Files/Unity/Hub/Editor/2020.2.4f1c1/Editor/Data/Managed'
Mono path[1] = 'C:/Program Files/Unity/Hub/Editor/2020.2.4f1c1/Editor/Data/MonoBleedingEdge/lib/mono/unityjit'
Mono config path = 'C:/Program Files/Unity/Hub/Editor/2020.2.4f1c1/Editor/Data/MonoBleedingEdge/etc'
Using monoOptions --debugger-agent=transport=dt_socket,embedding=1,server=y,suspend=n,address=127.0.0.1:56132
Begin MonoManager ReloadAssembly
Registering precompiled unity dll's ...
Register platform support module: C:/Program Files/Unity/Hub/Editor/2020.2.4f1c1/Editor/Data/PlaybackEngines/WindowsStandaloneSupport/UnityEditor.WindowsStandalone.Extensions.dll
Registered in 0.005789 seconds.
Native extension for WindowsStandalone target not found
Refreshing native plugins compatible for Editor in 58.45 ms, found 0 plugins.
Preloading 0 native plugins for Editor in 0.00 ms.
Invoked RoslynAnalysisRunner static constructor.
RoslynAnalysisRunner will not be running.
RoslynAnalysisRunner has terminated.
Mono: successfully reloaded assembly
- Completed reload, in  4.657 seconds
Platform modules already initialized, skipping
Registering precompiled user dll's ...
Registered in 0.002340 seconds.
Begin MonoManager ReloadAssembly
Native extension for WindowsStandalone target not found
Refreshing native plugins compatible for Editor in 0.42 ms, found 0 plugins.
Preloading 0 native plugins for Editor in 0.00 ms.
Invoked RoslynAnalysisRunner static constructor.
RoslynAnalysisRunner will not be running.
RoslynAnalysisRunner has terminated.
Mono: successfully reloaded assembly
- Completed reload, in  2.024 seconds
Platform modules already initialized, skipping
========================================================================
Worker process is ready to serve import requests
Launched and connected shader compiler UnityShaderCompiler.exe after 0.13 seconds
Refreshing native plugins compatible for Editor in 0.41 ms, found 0 plugins.
Preloading 0 native plugins for Editor in 0.00 ms.
Unloading 1109 Unused Serialized files (Serialized files now loaded: 0)
System memory in use before: 57.3 MB.
System memory in use after: 57.4 MB.

Unloading 9 unused Assets to reduce memory usage. Loaded Objects now: 1551.
Total: 3.714300 ms (FindLiveObjects: 0.273700 ms CreateObjectMapping: 0.074000 ms MarkObjects: 3.229300 ms  DeleteObjects: 0.134800 ms)

========================================================================
Received Import Request.
  path: Assets/Scripts/MenuColorChange.cs
  artifactKey: Guid(55ca0330bd6d22346af21608d4de11f9) Importer(815301076,1909f56bfc062723c751e8b465ee728b)
Start importing Assets/Scripts/MenuColorChange.cs using Guid(55ca0330bd6d22346af21608d4de11f9) Importer(815301076,1909f56bfc062723c751e8b465ee728b)  -> (artifact id: 'ba2a8000772bf5c46fbf17a286fcaa6f') in 0.137158 seconds
  Import took 0.148202 seconds .

========================================================================
Received Import Request.
  Time since last request: 37.813980 seconds.
  path: Assets/Scripts/MenuColorChange.cs
  artifactKey: Guid(55ca0330bd6d22346af21608d4de11f9) Importer(815301076,1909f56bfc062723c751e8b465ee728b)
Start importing Assets/Scripts/MenuColorChange.cs using Guid(55ca0330bd6d22346af21608d4de11f9) Importer(815301076,1909f56bfc062723c751e8b465ee728b)  -> (artifact id: '8ddb4db53a4741c3ad5c8432be9bf130') in 0.034749 seconds
  Import took 0.042848 seconds .

========================================================================
Received Import Request.
  Time since last request: 49.218180 seconds.
  path: Assets/Scripts/MenuColorChange.cs
  artifactKey: Guid(55ca0330bd6d22346af21608d4de11f9) Importer(815301076,1909f56bfc062723c751e8b465ee728b)
Start importing Assets/Scripts/MenuColorChange.cs using Guid(55ca0330bd6d22346af21608d4de11f9) Importer(815301076,1909f56bfc062723c751e8b465ee728b)  -> (artifact id: 'a9ae19d0a2f8299e66ebcd6353d28250') in 0.023167 seconds
  Import took 0.041945 seconds .

========================================================================
Received Import Request.
  Time since last request: 143.024128 seconds.
  path: Assets/Scripts/MenuColorChange.cs
  artifactKey: Guid(55ca0330bd6d22346af21608d4de11f9) Importer(815301076,1909f56bfc062723c751e8b465ee728b)
Start importing Assets/Scripts/MenuColorChange.cs using Guid(55ca0330bd6d22346af21608d4de11f9) Importer(815301076,1909f56bfc062723c751e8b465ee728b)  -> (artifact id: '008cbeafc35aa7a2baace0a646ab0a39') in 0.034017 seconds
  Import took 0.039202 seconds .

========================================================================
Received Prepare
Registering precompiled user dll's ...
Registered in 0.001515 seconds.
Begin MonoManager ReloadAssembly
Native extension for WindowsStandalone target not found
Refreshing native plugins compatible for Editor in 0.44 ms, found 0 plugins.
Preloading 0 native plugins for Editor in 0.00 ms.
Invoked RoslynAnalysisRunner static constructor.
RoslynAnalysisRunner will not be running.
RoslynAnalysisRunner has terminated.
Mono: successfully reloaded assembly
- Completed reload, in  2.017 seconds
Platform modules already initialized, skipping
Refreshing native plugins compatible for Editor in 0.45 ms, found 0 plugins.
Preloading 0 native plugins for Editor in 0.00 ms.
Unloading 1102 Unused Serialized files (Serialized files now loaded: 0)
System memory in use before: 57.2 MB.
System memory in use after: 57.3 MB.

Unloading 5 unused Assets to reduce memory usage. Loaded Objects now: 1552.
Total: 2.311900 ms (FindLiveObjects: 0.210400 ms CreateObjectMapping: 0.045400 ms MarkObjects: 2.026600 ms  DeleteObjects: 0.027300 ms)

========================================================================
Received Prepare
Registering precompiled user dll's ...
Registered in 0.001338 seconds.
Begin MonoManager ReloadAssembly
Native extension for WindowsStandalone target not found
Refreshing native plugins compatible for Editor in 0.41 ms, found 0 plugins.
Preloading 0 native plugins for Editor in 0.00 ms.
Invoked RoslynAnalysisRunner static constructor.
RoslynAnalysisRunner will not be running.
RoslynAnalysisRunner has terminated.
Mono: successfully reloaded assembly
- Completed reload, in  1.548 seconds
Platform modules already initialized, skipping
Refreshing native plugins compatible for Editor in 0.37 ms, found 0 plugins.
Preloading 0 native plugins for Editor in 0.00 ms.
Unloading 1103 Unused Serialized files (Serialized files now loaded: 0)
System memory in use before: 57.2 MB.
System memory in use after: 57.3 MB.

Unloading 4 unused Assets to reduce memory usage. Loaded Objects now: 1555.
Total: 2.856300 ms (FindLiveObjects: 0.529600 ms CreateObjectMapping: 0.113300 ms MarkObjects: 2.187700 ms  DeleteObjects: 0.020600 ms)

========================================================================
Received Prepare
Registering precompiled user dll's ...
Registered in 0.001136 seconds.
Begin MonoManager ReloadAssembly
Native extension for WindowsStandalone target not found
Refreshing native plugins compatible for Editor in 0.44 ms, found 0 plugins.
Preloading 0 native plugins for Editor in 0.00 ms.
Invoked RoslynAnalysisRunner static constructor.
RoslynAnalysisRunner will not be running.
RoslynAnalysisRunner has terminated.
Mono: successfully reloaded assembly
- Completed reload, in  1.690 seconds
Platform modules already initialized, skipping
Refreshing native plugins compatible for Editor in 0.45 ms, found 0 plugins.
Preloading 0 native plugins for Editor in 0.00 ms.
Unloading 1103 Unused Serialized files (Serialized files now loaded: 0)
System memory in use before: 57.3 MB.
System memory in use after: 57.4 MB.

Unloading 4 unused Assets to reduce memory usage. Loaded Objects now: 1557.
Total: 3.843800 ms (FindLiveObjects: 0.318400 ms CreateObjectMapping: 0.082800 ms MarkObjects: 3.404300 ms  DeleteObjects: 0.035200 ms)

========================================================================
Received Import Request.
  Time since last request: 103.561748 seconds.
  path: Assets/Scripts/MenuColorChange.cs
  artifactKey: Guid(d65c0fd881c9b6545a217468d407284d) Importer(815301076,1909f56bfc062723c751e8b465ee728b)
Start importing Assets/Scripts/MenuColorChange.cs using Guid(d65c0fd881c9b6545a217468d407284d) Importer(815301076,1909f56bfc062723c751e8b465ee728b)  -> (artifact id: '0f77b4705575bc1da93c0745dbd374fd') in 0.043638 seconds
  Import took 0.049824 seconds .

========================================================================
Received Prepare
Registering precompiled user dll's ...
Registered in 0.001871 seconds.
Begin MonoManager ReloadAssembly
Native extension for WindowsStandalone target not found
Refreshing native plugins compatible for Editor in 0.30 ms, found 0 plugins.
Preloading 0 native plugins for Editor in 0.00 ms.
Invoked RoslynAnalysisRunner static constructor.
RoslynAnalysisRunner will not be running.
RoslynAnalysisRunner has terminated.
Mono: successfully reloaded assembly
- Completed reload, in  1.525 seconds
Platform modules already initialized, skipping
Refreshing native plugins compatible for Editor in 0.44 ms, found 0 plugins.
Preloading 0 native plugins for Editor in 0.00 ms.
Unloading 1102 Unused Serialized files (Serialized files now loaded: 0)
System memory in use before: 57.2 MB.
System memory in use after: 57.3 MB.

Unloading 5 unused Assets to reduce memory usage. Loaded Objects now: 1558.
Total: 3.679400 ms (FindLiveObjects: 0.240500 ms CreateObjectMapping: 0.072800 ms MarkObjects: 3.296900 ms  DeleteObjects: 0.066600 ms)

========================================================================
Received Import Request.
  Time since last request: 515.407491 seconds.
  path: Assets/Texture/MCBackground.jpg
  artifactKey: Guid(a295daa6f75cc044db6e99b53e98a357) Importer(815301076,1909f56bfc062723c751e8b465ee728b)
Start importing Assets/Texture/MCBackground.jpg using Guid(a295daa6f75cc044db6e99b53e98a357) Importer(815301076,1909f56bfc062723c751e8b465ee728b)  -> (artifact id: 'e6423f94dbfa0fb61a8264adf9a428b5') in 0.271127 seconds
  Import took 0.282870 seconds .

========================================================================
Received Import Request.
  Time since last request: 556.668559 seconds.
  path: Assets/Texture/Minecraft blurred background.jpg
  artifactKey: Guid(3d4fd777d7b77d745aacf7d422838b28) Importer(815301076,1909f56bfc062723c751e8b465ee728b)
Start importing Assets/Texture/Minecraft blurred background.jpg using Guid(3d4fd777d7b77d745aacf7d422838b28) Importer(815301076,1909f56bfc062723c751e8b465ee728b)  -> (artifact id: 'fd62e40da11952249ca38993c387e399') in 0.058895 seconds
  Import took 0.066479 seconds .

========================================================================
Received Import Request.
  Time since last request: 18.011909 seconds.
  path: Assets/Texture/Materials
  artifactKey: Guid(1356720df5d23da4d87bcb0ce08f46fa) Importer(815301076,1909f56bfc062723c751e8b465ee728b)
Start importing Assets/Texture/Materials using Guid(1356720df5d23da4d87bcb0ce08f46fa) Importer(815301076,1909f56bfc062723c751e8b465ee728b)  -> (artifact id: '968fc88af8eb1380efa2c4b831ad80ec') in 0.054549 seconds
  Import took 0.070850 seconds .

AssetImportWorkerClient::OnTransportError - code=2 error=End of file
