Using pre-set license
Built from '2020.2/china_unity/release' branch; Version is '2020.2.4f1c1 (8a7ef5f95ffc) revision 9076469'; Using compiler version '192528614'; Build Type 'Release'
OS: 'Windows 10 Pro; OS build 19042.804; Version 2009; 64bit' Language: 'en' Physical Memory: 8108 MB
BatchMode: 1, IsHumanControllingUs: 0, StartBugReporterOnCrash: 0, Is64bit: 1, IsPro: 0

 COMMAND LINE ARGUMENTS:
C:\Program Files\Unity\Hub\Editor\2020.2.4f1c1\Editor\Unity.exe
-adb2
-batchMode
-noUpm
-name
AssetImportWorker0
-projectPath
C:/Users/dengy/OneDrive/other onedrive things/Documents/GitHub/MT-Clone-/MyCraft (a Minecraft-like game)
-logFile
Logs/AssetImportWorker0.log
-srvPort
64392
Successfully changed project path to: C:/Users/dengy/OneDrive/other onedrive things/Documents/GitHub/MT-Clone-/MyCraft (a Minecraft-like game)
C:/Users/dengy/OneDrive/other onedrive things/Documents/GitHub/MT-Clone-/MyCraft (a Minecraft-like game)
Using Asset Import Pipeline V2.
Refreshing native plugins compatible for Editor in 28.89 ms, found 0 plugins.
Preloading 0 native plugins for Editor in 0.00 ms.
Initialize engine version: 2020.2.4f1c1 (8a7ef5f95ffc)
[Subsystems] Discovering subsystems at path C:/Program Files/Unity/Hub/Editor/2020.2.4f1c1/Editor/Data/Resources/UnitySubsystems
[Subsystems] Discovering subsystems at path C:/Users/dengy/OneDrive/other onedrive things/Documents/GitHub/MT-Clone-/MyCraft (a Minecraft-like game)/Assets
GfxDevice: creating device client; threaded=0
Direct3D:
    Version:  Direct3D 11.0 [level 11.1]
    Renderer: Intel(R) UHD Graphics 620 (ID=0x5917)
    Vendor:   
    VRAM:     4054 MB
    Driver:   26.20.100.7637
Initialize mono
Mono path[0] = 'C:/Program Files/Unity/Hub/Editor/2020.2.4f1c1/Editor/Data/Managed'
Mono path[1] = 'C:/Program Files/Unity/Hub/Editor/2020.2.4f1c1/Editor/Data/MonoBleedingEdge/lib/mono/unityjit'
Mono config path = 'C:/Program Files/Unity/Hub/Editor/2020.2.4f1c1/Editor/Data/MonoBleedingEdge/etc'
Using monoOptions --debugger-agent=transport=dt_socket,embedding=1,server=y,suspend=n,address=127.0.0.1:56448
Begin MonoManager ReloadAssembly
Registering precompiled unity dll's ...
Register platform support module: C:/Program Files/Unity/Hub/Editor/2020.2.4f1c1/Editor/Data/PlaybackEngines/WindowsStandaloneSupport/UnityEditor.WindowsStandalone.Extensions.dll
Registered in 0.002660 seconds.
Native extension for WindowsStandalone target not found
Refreshing native plugins compatible for Editor in 43.98 ms, found 0 plugins.
Preloading 0 native plugins for Editor in 0.00 ms.
Invoked RoslynAnalysisRunner static constructor.
RoslynAnalysisRunner will not be running.
RoslynAnalysisRunner has terminated.
Mono: successfully reloaded assembly
- Completed reload, in  1.054 seconds
Platform modules already initialized, skipping
Registering precompiled user dll's ...
Registered in 0.001152 seconds.
Begin MonoManager ReloadAssembly
Native extension for WindowsStandalone target not found
Refreshing native plugins compatible for Editor in 0.24 ms, found 0 plugins.
Preloading 0 native plugins for Editor in 0.00 ms.
Invoked RoslynAnalysisRunner static constructor.
RoslynAnalysisRunner will not be running.
RoslynAnalysisRunner has terminated.
Mono: successfully reloaded assembly
- Completed reload, in  0.916 seconds
Platform modules already initialized, skipping
========================================================================
Worker process is ready to serve import requests
Launched and connected shader compiler UnityShaderCompiler.exe after 0.07 seconds
Refreshing native plugins compatible for Editor in 0.24 ms, found 0 plugins.
Preloading 0 native plugins for Editor in 0.00 ms.
Unloading 1109 Unused Serialized files (Serialized files now loaded: 0)
System memory in use before: 57.3 MB.
System memory in use after: 57.3 MB.

Unloading 9 unused Assets to reduce memory usage. Loaded Objects now: 1552.
Total: 2.650100 ms (FindLiveObjects: 0.227800 ms CreateObjectMapping: 0.073400 ms MarkObjects: 2.232900 ms  DeleteObjects: 0.114000 ms)

========================================================================
Received Import Request.
  path: Assets/Scripts/NewBehaviourScript.cs
  artifactKey: Guid(0f2ceccea63a4e94c92b41bea10fbeaf) Importer(815301076,1909f56bfc062723c751e8b465ee728b)
Start importing Assets/Scripts/NewBehaviourScript.cs using Guid(0f2ceccea63a4e94c92b41bea10fbeaf) Importer(815301076,1909f56bfc062723c751e8b465ee728b)  -> (artifact id: '350b39f8261f065acd0c2e578be2d0e7') in 0.055013 seconds
  Import took 0.059449 seconds .

========================================================================
Received Import Request.
  Time since last request: 3.859730 seconds.
  path: Assets/Scripts/SC_MainMenu.cs
  artifactKey: Guid(0f2ceccea63a4e94c92b41bea10fbeaf) Importer(815301076,1909f56bfc062723c751e8b465ee728b)
Start importing Assets/Scripts/SC_MainMenu.cs using Guid(0f2ceccea63a4e94c92b41bea10fbeaf) Importer(815301076,1909f56bfc062723c751e8b465ee728b)  -> (artifact id: '541e5348be0d2384c281dc391680d17f') in 0.015842 seconds
  Import took 0.021087 seconds .

========================================================================
Received Prepare
Registering precompiled user dll's ...
Registered in 0.001699 seconds.
Begin MonoManager ReloadAssembly
Native extension for WindowsStandalone target not found
Refreshing native plugins compatible for Editor in 0.46 ms, found 0 plugins.
Preloading 0 native plugins for Editor in 0.00 ms.
Invoked RoslynAnalysisRunner static constructor.
RoslynAnalysisRunner will not be running.
RoslynAnalysisRunner has terminated.
Mono: successfully reloaded assembly
- Completed reload, in  1.599 seconds
Platform modules already initialized, skipping
Refreshing native plugins compatible for Editor in 0.45 ms, found 0 plugins.
Preloading 0 native plugins for Editor in 0.00 ms.
Unloading 1103 Unused Serialized files (Serialized files now loaded: 0)
System memory in use before: 57.1 MB.
System memory in use after: 57.2 MB.

Unloading 4 unused Assets to reduce memory usage. Loaded Objects now: 1554.
Total: 8.495300 ms (FindLiveObjects: 0.933400 ms CreateObjectMapping: 0.116900 ms MarkObjects: 7.410600 ms  DeleteObjects: 0.032100 ms)

========================================================================
Received Prepare
Registering precompiled user dll's ...
Registered in 0.001465 seconds.
Begin MonoManager ReloadAssembly
Native extension for WindowsStandalone target not found
Refreshing native plugins compatible for Editor in 0.24 ms, found 0 plugins.
Preloading 0 native plugins for Editor in 0.00 ms.
Invoked RoslynAnalysisRunner static constructor.
RoslynAnalysisRunner will not be running.
RoslynAnalysisRunner has terminated.
Mono: successfully reloaded assembly
- Completed reload, in  0.976 seconds
Platform modules already initialized, skipping
Refreshing native plugins compatible for Editor in 0.23 ms, found 0 plugins.
Preloading 0 native plugins for Editor in 0.00 ms.
Unloading 1103 Unused Serialized files (Serialized files now loaded: 0)
System memory in use before: 57.2 MB.
System memory in use after: 57.3 MB.

Unloading 4 unused Assets to reduce memory usage. Loaded Objects now: 1556.
Total: 3.508500 ms (FindLiveObjects: 0.408800 ms CreateObjectMapping: 0.114700 ms MarkObjects: 2.943400 ms  DeleteObjects: 0.039800 ms)

========================================================================
Received Import Request.
  Time since last request: 135.753970 seconds.
  path: Assets/Texture/dirt/Materials/Bottom.mat
  artifactKey: Guid(dfe5dbce963fe8a418139be65c4ece13) Importer(815301076,1909f56bfc062723c751e8b465ee728b)
Start importing Assets/Texture/dirt/Materials/Bottom.mat using Guid(dfe5dbce963fe8a418139be65c4ece13) Importer(815301076,1909f56bfc062723c751e8b465ee728b)  -> (artifact id: '8829ac901921eb6608e78e25ca2beda2') in 0.162738 seconds
  Import took 0.169389 seconds .

========================================================================
Received Import Request.
  Time since last request: 0.005659 seconds.
  path: Assets/Texture/dirt/Materials/Bottom.mat
  artifactKey: Guid(dfe5dbce963fe8a418139be65c4ece13) Importer(815301076,1909f56bfc062723c751e8b465ee728b)
Start importing Assets/Texture/dirt/Materials/Bottom.mat using Guid(dfe5dbce963fe8a418139be65c4ece13) Importer(815301076,1909f56bfc062723c751e8b465ee728b)  -> (artifact id: '8829ac901921eb6608e78e25ca2beda2') in 0.028856 seconds
  Import took 0.034808 seconds .

========================================================================
Received Prepare
Registering precompiled user dll's ...
Registered in 0.001065 seconds.
Begin MonoManager ReloadAssembly
Native extension for WindowsStandalone target not found
Refreshing native plugins compatible for Editor in 0.25 ms, found 0 plugins.
Preloading 0 native plugins for Editor in 0.00 ms.
Invoked RoslynAnalysisRunner static constructor.
RoslynAnalysisRunner will not be running.
RoslynAnalysisRunner has terminated.
Mono: successfully reloaded assembly
- Completed reload, in  0.903 seconds
Platform modules already initialized, skipping
Refreshing native plugins compatible for Editor in 0.26 ms, found 0 plugins.
Preloading 0 native plugins for Editor in 0.00 ms.
Unloading 1103 Unused Serialized files (Serialized files now loaded: 0)
System memory in use before: 60.5 MB.
System memory in use after: 60.6 MB.

Unloading 4 unused Assets to reduce memory usage. Loaded Objects now: 1598.
Total: 3.350300 ms (FindLiveObjects: 0.250400 ms CreateObjectMapping: 0.064300 ms MarkObjects: 3.010500 ms  DeleteObjects: 0.023500 ms)

========================================================================
Received Prepare
Registering precompiled user dll's ...
Registered in 0.000946 seconds.
Begin MonoManager ReloadAssembly
Native extension for WindowsStandalone target not found
Refreshing native plugins compatible for Editor in 0.31 ms, found 0 plugins.
Preloading 0 native plugins for Editor in 0.00 ms.
Invoked RoslynAnalysisRunner static constructor.
RoslynAnalysisRunner will not be running.
RoslynAnalysisRunner has terminated.
Mono: successfully reloaded assembly
- Completed reload, in  0.920 seconds
Platform modules already initialized, skipping
Refreshing native plugins compatible for Editor in 0.24 ms, found 0 plugins.
Preloading 0 native plugins for Editor in 0.00 ms.
Unloading 1103 Unused Serialized files (Serialized files now loaded: 0)
System memory in use before: 60.5 MB.
System memory in use after: 60.6 MB.

Unloading 4 unused Assets to reduce memory usage. Loaded Objects now: 1600.
Total: 4.254300 ms (FindLiveObjects: 0.608900 ms CreateObjectMapping: 0.220500 ms MarkObjects: 3.401400 ms  DeleteObjects: 0.021000 ms)

========================================================================
Received Prepare
Registering precompiled user dll's ...
Registered in 0.001177 seconds.
Begin MonoManager ReloadAssembly
Native extension for WindowsStandalone target not found
Refreshing native plugins compatible for Editor in 0.26 ms, found 0 plugins.
Preloading 0 native plugins for Editor in 0.00 ms.
Invoked RoslynAnalysisRunner static constructor.
RoslynAnalysisRunner will not be running.
RoslynAnalysisRunner has terminated.
Mono: successfully reloaded assembly
- Completed reload, in  0.937 seconds
Platform modules already initialized, skipping
Refreshing native plugins compatible for Editor in 0.27 ms, found 0 plugins.
Preloading 0 native plugins for Editor in 0.00 ms.
Unloading 1103 Unused Serialized files (Serialized files now loaded: 0)
System memory in use before: 60.5 MB.
System memory in use after: 60.6 MB.

Unloading 4 unused Assets to reduce memory usage. Loaded Objects now: 1602.
Total: 3.470200 ms (FindLiveObjects: 0.270400 ms CreateObjectMapping: 0.082800 ms MarkObjects: 3.062900 ms  DeleteObjects: 0.051700 ms)

========================================================================
Received Prepare
Registering precompiled user dll's ...
Registered in 0.001249 seconds.
Begin MonoManager ReloadAssembly
Native extension for WindowsStandalone target not found
Refreshing native plugins compatible for Editor in 0.27 ms, found 0 plugins.
Preloading 0 native plugins for Editor in 0.00 ms.
Invoked RoslynAnalysisRunner static constructor.
RoslynAnalysisRunner will not be running.
RoslynAnalysisRunner has terminated.
Mono: successfully reloaded assembly
- Completed reload, in  0.939 seconds
Platform modules already initialized, skipping
Refreshing native plugins compatible for Editor in 0.27 ms, found 0 plugins.
Preloading 0 native plugins for Editor in 0.00 ms.
Unloading 1103 Unused Serialized files (Serialized files now loaded: 0)
System memory in use before: 60.5 MB.
System memory in use after: 60.6 MB.

Unloading 4 unused Assets to reduce memory usage. Loaded Objects now: 1604.
Total: 2.393300 ms (FindLiveObjects: 0.199200 ms CreateObjectMapping: 0.044600 ms MarkObjects: 2.130900 ms  DeleteObjects: 0.016700 ms)

========================================================================
Received Prepare
Registering precompiled user dll's ...
Registered in 0.001050 seconds.
Begin MonoManager ReloadAssembly
Native extension for WindowsStandalone target not found
Refreshing native plugins compatible for Editor in 0.23 ms, found 0 plugins.
Preloading 0 native plugins for Editor in 0.00 ms.
Invoked RoslynAnalysisRunner static constructor.
RoslynAnalysisRunner will not be running.
RoslynAnalysisRunner has terminated.
Mono: successfully reloaded assembly
- Completed reload, in  0.928 seconds
Platform modules already initialized, skipping
Refreshing native plugins compatible for Editor in 0.35 ms, found 0 plugins.
Preloading 0 native plugins for Editor in 0.00 ms.
Unloading 1103 Unused Serialized files (Serialized files now loaded: 0)
System memory in use before: 60.5 MB.
System memory in use after: 60.6 MB.

Unloading 4 unused Assets to reduce memory usage. Loaded Objects now: 1606.
Total: 3.538300 ms (FindLiveObjects: 0.214100 ms CreateObjectMapping: 0.048000 ms MarkObjects: 3.253800 ms  DeleteObjects: 0.020700 ms)

AssetImportWorkerClient::OnTransportError - code=2 error=End of file
